<?xml version="1.0" encoding="UTF-8"?>
<!-- Generated by org.testng.reporters.JUnitReportReporter -->
<testsuite skipped="0" hostname="DESKTOP-QN2Q64M" name="com.Maven.Demo.DemoTwoTest" tests="1" failures="0" timestamp="11 Mar 2017 21:01:11 GMT" time="10.974" errors="0">
  <testcase name="methodTwo" time="10.974" classname="com.Maven.Demo.DemoTwoTest"/>
</testsuite> <!-- com.Maven.Demo.DemoTwoTest -->
