<?xml version="1.0" encoding="UTF-8"?>
<!-- Generated by org.testng.reporters.JUnitReportReporter -->
<testsuite skipped="0" hostname="DESKTOP-QN2Q64M" name="com.Maven.Demo.DemoOneTest" tests="1" failures="0" timestamp="11 Mar 2017 21:32:02 GMT" time="17.466" errors="0">
  <testcase name="methodOne" time="17.466" classname="com.Maven.Demo.DemoOneTest"/>
</testsuite> <!-- com.Maven.Demo.DemoOneTest -->
