<?xml version="1.0" encoding="UTF-8"?>
<!-- Generated by org.testng.reporters.JUnitReportReporter -->
<testsuite skipped="0" hostname="DESKTOP-QN2Q64M" name="com.Maven.Demo.DemoTwoTest" tests="1" failures="0" timestamp="13 Mar 2017 15:17:03 GMT" time="14.446" errors="0">
  <testcase name="methodTwo" time="14.446" classname="com.Maven.Demo.DemoTwoTest"/>
</testsuite> <!-- com.Maven.Demo.DemoTwoTest -->
