<?xml version="1.0" encoding="UTF-8"?>
<!-- Generated by org.testng.reporters.JUnitReportReporter -->
<testsuite skipped="0" hostname="DESKTOP-QN2Q64M" name="com.Maven.Demo.DemoOneTest" tests="1" failures="0" timestamp="13 Mar 2017 15:17:03 GMT" time="55.049" errors="0">
  <testcase name="methodOne" time="55.049" classname="com.Maven.Demo.DemoOneTest"/>
</testsuite> <!-- com.Maven.Demo.DemoOneTest -->
